Compiling the C compiler identification source file "CMakeCCompilerId.c" failed.
Compiler: /mingw64/bin/arm-none-eabi-gcc.exe 
Build flags: 
Id flags:  

The output was:
1
d:/qmk_msys/mingw64/bin/../lib/gcc/arm-none-eabi/10.1.0/../../../../arm-none-eabi/bin/ld.exe: d:/qmk_msys/mingw64/bin/../lib/gcc/arm-none-eabi/10.1.0/../../../../arm-none-eabi/lib\libc.a(lib_a-exit.o): in function `exit':
exit.c:(.text+0x2c): undefined reference to `_exit'
collect2.exe: error: ld returned 1 exit status


Detecting C compiler ABI info failed to compile with the following output:
Change Dir: /d/program/qmk/vibl/bootloader/build/CMakeFiles/CMakeTmp

Run Build Command(s):/usr/bin/make.exe -f Makefile cmTC_a5b93/fast && make  -f CMakeFiles/cmTC_a5b93.dir/build.make CMakeFiles/cmTC_a5b93.dir/build
make[1]: Entering directory '/d/program/qmk/vibl/bootloader/build/CMakeFiles/CMakeTmp'
Building C object CMakeFiles/cmTC_a5b93.dir/CMakeCCompilerABI.c.obj
/mingw64/bin/arm-none-eabi-gcc.exe   -v -o CMakeFiles/cmTC_a5b93.dir/CMakeCCompilerABI.c.obj -c /usr/share/cmake-3.22.1/Modules/CMakeCCompilerABI.c
Using built-in specs.
COLLECT_GCC=D:\QMK_MSYS\mingw64\bin\arm-none-eabi-gcc.exe
Target: arm-none-eabi
Configured with: ../configure --build=x86_64-w64-mingw32 --host=x86_64-w64-mingw32 --prefix=/mingw64 --target=arm-none-eabi --with-native-system-header-dir=/mingw64/x86_64-w64-mingw32/include --libexecdir=/mingw64/lib --enable-languages=c,c++,ada --enable-plugins --disable-decimal-float --disable-libffi --disable-libgomp --disable-libmudflap --disable-libquadmath --disable-libssp --disable-libstdcxx-pch --disable-nls --disable-shared --disable-threads --disable-tls --disable-libada --with-gnu-as --with-gnu-ld --with-system-zlib --with-newlib --with-headers=/mingw64/arm-none-eabi/include --with-python-dir=share/gcc-arm-none-eabi --with-gmp --with-mpfr --with-mpc --with-isl --with-libelf --enable-gnu-indirect_function --with-multilib-list=rmprofile --with-host-libstdcxx='-static-libgcc -Wl,-Bstatic,-lstdc++,-Bdynamic -lm' --enable-linker-plugin-flags='LDFLAGS=-static-libstdc++\ -static-libgcc\ -pipe\ -Wl,--dynamicbase,--high-entropy-va,--nxcompat,--default-image-base-high\ -Wl,--stack,12582912' LDFLAGS='-pipe -Wl,--dynamicbase,--high-entropy-va,--nxcompat,--default-image-base-high -Wl,--disable-dynamicbase'
Thread model: single
Supported LTO compression algorithms: zlib zstd
gcc version 10.1.0 (GCC) 
COLLECT_GCC_OPTIONS='-v' '-o' 'CMakeFiles/cmTC_a5b93.dir/CMakeCCompilerABI.c.obj' '-c' '-mcpu=arm7tdmi' '-mfloat-abi=soft' '-marm' '-march=armv4t'
 d:/qmk_msys/mingw64/bin/../lib/gcc/arm-none-eabi/10.1.0/cc1.exe -quiet -v -iprefix d:\qmk_msys\mingw64\bin\../lib/gcc/arm-none-eabi/10.1.0/ -D__USES_INITFINI__ D:/QMK_MSYS/usr/share/cmake-3.22.1/Modules/CMakeCCompilerABI.c -quiet -dumpbase CMakeCCompilerABI.c -mcpu=arm7tdmi -mfloat-abi=soft -marm -march=armv4t -auxbase-strip CMakeFiles/cmTC_a5b93.dir/CMakeCCompilerABI.c.obj -version -o D:\QMK_MSYS\tmp\ccVhTiaH.s
GNU C17 (GCC) version 10.1.0 (arm-none-eabi)
	compiled by GNU C version 10.3.0, GMP version 6.2.1, MPFR version 4.1.0, MPC version 1.2.1, isl version isl-0.24-GMP

GGC heuristics: --param ggc-min-expand=100 --param ggc-min-heapsize=131072
ignoring nonexistent directory "d:\qmk_msys\mingw64\bin\../lib/gcc/arm-none-eabi/10.1.0/../../../../arm-none-eabi/sys-include"
ignoring duplicate directory "d:/qmk_msys/mingw64/lib/gcc/../../lib/gcc/arm-none-eabi/10.1.0/include"
ignoring duplicate directory "d:/qmk_msys/mingw64/lib/gcc/../../lib/gcc/arm-none-eabi/10.1.0/include-fixed"
ignoring nonexistent directory "d:/qmk_msys/mingw64/lib/gcc/../../lib/gcc/arm-none-eabi/10.1.0/../../../../arm-none-eabi/sys-include"
ignoring duplicate directory "d:/qmk_msys/mingw64/lib/gcc/../../lib/gcc/arm-none-eabi/10.1.0/../../../../arm-none-eabi/include"
#include "..." search starts here:
#include <...> search starts here:
 d:\qmk_msys\mingw64\bin\../lib/gcc/arm-none-eabi/10.1.0/include
 d:\qmk_msys\mingw64\bin\../lib/gcc/arm-none-eabi/10.1.0/include-fixed
 d:\qmk_msys\mingw64\bin\../lib/gcc/arm-none-eabi/10.1.0/../../../../arm-none-eabi/include
End of search list.
GNU C17 (GCC) version 10.1.0 (arm-none-eabi)
	compiled by GNU C version 10.3.0, GMP version 6.2.1, MPFR version 4.1.0, MPC version 1.2.1, isl version isl-0.24-GMP

GGC heuristics: --param ggc-min-expand=100 --param ggc-min-heapsize=131072
Compiler executable checksum: d420a368262f2e1a3ca49968a595e005
COLLECT_GCC_OPTIONS='-v' '-o' 'CMakeFiles/cmTC_a5b93.dir/CMakeCCompilerABI.c.obj' '-c' '-mcpu=arm7tdmi' '-mfloat-abi=soft' '-marm' '-march=armv4t'
 d:/qmk_msys/mingw64/bin/../lib/gcc/arm-none-eabi/10.1.0/../../../../arm-none-eabi/bin/as.exe -v -march=armv4t -mfloat-abi=soft -meabi=5 -o CMakeFiles/cmTC_a5b93.dir/CMakeCCompilerABI.c.obj D:\QMK_MSYS\tmp\ccVhTiaH.s
GNU assembler version 2.38 (arm-none-eabi) using BFD version (GNU Binutils) 2.38
COMPILER_PATH=d:/qmk_msys/mingw64/bin/../lib/gcc/arm-none-eabi/10.1.0/;d:/qmk_msys/mingw64/bin/../lib/gcc/;d:/qmk_msys/mingw64/bin/../lib/gcc/arm-none-eabi/10.1.0/../../../../arm-none-eabi/bin/
LIBRARY_PATH=d:/qmk_msys/mingw64/bin/../lib/gcc/arm-none-eabi/10.1.0/;d:/qmk_msys/mingw64/bin/../lib/gcc/;d:/qmk_msys/mingw64/bin/../lib/gcc/arm-none-eabi/10.1.0/../../../../arm-none-eabi/lib/
COLLECT_GCC_OPTIONS='-v' '-o' 'CMakeFiles/cmTC_a5b93.dir/CMakeCCompilerABI.c.obj' '-c' '-mcpu=arm7tdmi' '-mfloat-abi=soft' '-marm' '-march=armv4t'
Linking C executable cmTC_a5b93
/usr/bin/cmake.exe -E cmake_link_script CMakeFiles/cmTC_a5b93.dir/link.txt --verbose=1
/mingw64/bin/arm-none-eabi-gcc.exe  -v CMakeFiles/cmTC_a5b93.dir/CMakeCCompilerABI.c.obj -o cmTC_a5b93 
Using built-in specs.
COLLECT_GCC=D:\QMK_MSYS\mingw64\bin\arm-none-eabi-gcc.exe
COLLECT_LTO_WRAPPER=d:/qmk_msys/mingw64/bin/../lib/gcc/arm-none-eabi/10.1.0/lto-wrapper.exe
Target: arm-none-eabi
Configured with: ../configure --build=x86_64-w64-mingw32 --host=x86_64-w64-mingw32 --prefix=/mingw64 --target=arm-none-eabi --with-native-system-header-dir=/mingw64/x86_64-w64-mingw32/include --libexecdir=/mingw64/lib --enable-languages=c,c++,ada --enable-plugins --disable-decimal-float --disable-libffi --disable-libgomp --disable-libmudflap --disable-libquadmath --disable-libssp --disable-libstdcxx-pch --disable-nls --disable-shared --disable-threads --disable-tls --disable-libada --with-gnu-as --with-gnu-ld --with-system-zlib --with-newlib --with-headers=/mingw64/arm-none-eabi/include --with-python-dir=share/gcc-arm-none-eabi --with-gmp --with-mpfr --with-mpc --with-isl --with-libelf --enable-gnu-indirect_function --with-multilib-list=rmprofile --with-host-libstdcxx='-static-libgcc -Wl,-Bstatic,-lstdc++,-Bdynamic -lm' --enable-linker-plugin-flags='LDFLAGS=-static-libstdc++\ -static-libgcc\ -pipe\ -Wl,--dynamicbase,--high-entropy-va,--nxcompat,--default-image-base-high\ -Wl,--stack,12582912' LDFLAGS='-pipe -Wl,--dynamicbase,--high-entropy-va,--nxcompat,--default-image-base-high -Wl,--disable-dynamicbase'
Thread model: single
Supported LTO compression algorithms: zlib zstd
gcc version 10.1.0 (GCC) 
COMPILER_PATH=d:/qmk_msys/mingw64/bin/../lib/gcc/arm-none-eabi/10.1.0/;d:/qmk_msys/mingw64/bin/../lib/gcc/;d:/qmk_msys/mingw64/bin/../lib/gcc/arm-none-eabi/10.1.0/../../../../arm-none-eabi/bin/
LIBRARY_PATH=d:/qmk_msys/mingw64/bin/../lib/gcc/arm-none-eabi/10.1.0/;d:/qmk_msys/mingw64/bin/../lib/gcc/;d:/qmk_msys/mingw64/bin/../lib/gcc/arm-none-eabi/10.1.0/../../../../arm-none-eabi/lib/
COLLECT_GCC_OPTIONS='-v' '-o' 'cmTC_a5b93' '-mcpu=arm7tdmi' '-mfloat-abi=soft' '-marm' '-march=armv4t'
 d:/qmk_msys/mingw64/bin/../lib/gcc/arm-none-eabi/10.1.0/collect2.exe -plugin d:/qmk_msys/mingw64/bin/../lib/gcc/arm-none-eabi/10.1.0/liblto_plugin-0.dll -plugin-opt=d:/qmk_msys/mingw64/bin/../lib/gcc/arm-none-eabi/10.1.0/lto-wrapper.exe -plugin-opt=-fresolution=D:\QMK_MSYS\tmp\ccdrcwmR.res -plugin-opt=-pass-through=-lgcc -plugin-opt=-pass-through=-lc -X -o cmTC_a5b93 d:/qmk_msys/mingw64/bin/../lib/gcc/arm-none-eabi/10.1.0/crti.o d:/qmk_msys/mingw64/bin/../lib/gcc/arm-none-eabi/10.1.0/crtbegin.o d:/qmk_msys/mingw64/bin/../lib/gcc/arm-none-eabi/10.1.0/../../../../arm-none-eabi/lib/crt0.o -Ld:/qmk_msys/mingw64/bin/../lib/gcc/arm-none-eabi/10.1.0 -Ld:/qmk_msys/mingw64/bin/../lib/gcc -Ld:/qmk_msys/mingw64/bin/../lib/gcc/arm-none-eabi/10.1.0/../../../../arm-none-eabi/lib CMakeFiles/cmTC_a5b93.dir/CMakeCCompilerABI.c.obj --start-group -lgcc -lc --end-group d:/qmk_msys/mingw64/bin/../lib/gcc/arm-none-eabi/10.1.0/crtend.o d:/qmk_msys/mingw64/bin/../lib/gcc/arm-none-eabi/10.1.0/crtn.o
d:/qmk_msys/mingw64/bin/../lib/gcc/arm-none-eabi/10.1.0/../../../../arm-none-eabi/bin/ld.exe: d:/qmk_msys/mingw64/bin/../lib/gcc/arm-none-eabi/10.1.0/../../../../arm-none-eabi/lib\libc.a(lib_a-exit.o): in function `exit':
exit.c:(.text+0x2c): undefined reference to `_exit'
collect2.exe: error: ld returned 1 exit status
make[1]: *** [CMakeFiles/cmTC_a5b93.dir/build.make:99: cmTC_a5b93] Error 1
make[1]: Leaving directory '/d/program/qmk/vibl/bootloader/build/CMakeFiles/CMakeTmp'
make: *** [Makefile:127: cmTC_a5b93/fast] Error 2




